

*******************************************************************************
Fri Feb 10 02:05:54 2023


FIT:    data read from 'susceptibility_run04.csv' u 1:2
        format = x:z
        #datapoints = 60
        residuals are weighted equally (unit weight)

function used for fitting: chi(x)
	chi(x) = (x * exp(2.*x*J)*cosh(x*H))/((1. + exp(4.*J*x)*sinh(x*H)*sinh(x*H))**(3./2.))
fitted parameters initialized with current variable values

iter      chisq       delta/lim  lambda   J             H            
   0 9.1735898249e-02   0.00e+00  3.38e-01    1.000000e+00   5.000000e-01
   3 7.5066288249e-02  -8.63e-02  3.38e-04    9.468347e-01   5.365401e-01

After 3 iterations the fit converged.
final sum of squares of residuals : 0.0750663
rel. change during last iteration : -8.62689e-07

degrees of freedom    (FIT_NDF)                        : 58
rms of residuals      (FIT_STDFIT) = sqrt(WSSR/ndf)    : 0.0359756
variance of residuals (reduced chisquare) = WSSR/ndf   : 0.00129425

Final set of parameters            Asymptotic Standard Error
=======================            ==========================
J               = 0.946835         +/- 0.0282       (2.978%)
H               = 0.53654          +/- 0.01167      (2.175%)

correlation matrix of the fit parameters:
                J      H      
J               1.000 
H              -0.805  1.000 


*******************************************************************************
Fri Feb 10 02:35:23 2023


FIT:    data read from 'magnetization_run04.csv' u 1:2
        format = x:z
        #datapoints = 60
        residuals are weighted equally (unit weight)

function used for fitting: m(x)
	m(x) = exp(x*J)*sinh(x*H)/sqrt(exp(-2.0*x*J) + exp(2.0*x*J)*sinh(x*H)*sinh(x*H))
fitted parameters initialized with current variable values

iter      chisq       delta/lim  lambda   J             H            
   0 7.5079478356e-04   0.00e+00  1.48e-01    1.000000e+00   5.000000e-01
   3 6.8595709884e-04  -6.09e-02  1.48e-04    1.020725e+00   4.912861e-01

After 3 iterations the fit converged.
final sum of squares of residuals : 0.000685957
rel. change during last iteration : -6.08898e-07

degrees of freedom    (FIT_NDF)                        : 58
rms of residuals      (FIT_STDFIT) = sqrt(WSSR/ndf)    : 0.00343902
variance of residuals (reduced chisquare) = WSSR/ndf   : 1.18268e-05

Final set of parameters            Asymptotic Standard Error
=======================            ==========================
J               = 1.02072          +/- 0.01018      (0.9973%)
H               = 0.491286         +/- 0.005309     (1.081%)

correlation matrix of the fit parameters:
                J      H      
J               1.000 
H              -0.958  1.000 


*******************************************************************************
Fri Feb 10 02:40:43 2023


FIT:    data read from 'magnetization_run04.csv' u 1:2
        format = x:z
        #datapoints = 60
        residuals are weighted equally (unit weight)

function used for fitting: m(x)
	m(x) = exp(x*J)*sinh(x*H)/sqrt(exp(-2.0*x*J) + exp(2.0*x*J)*sinh(x*H)*sinh(x*H))
fitted parameters initialized with current variable values

iter      chisq       delta/lim  lambda   J             H            
   0 7.5079478356e-04   0.00e+00  1.48e-01    1.000000e+00   5.000000e-01
   3 6.8595709884e-04  -6.09e-02  1.48e-04    1.020725e+00   4.912861e-01

After 3 iterations the fit converged.
final sum of squares of residuals : 0.000685957
rel. change during last iteration : -6.08898e-07

degrees of freedom    (FIT_NDF)                        : 58
rms of residuals      (FIT_STDFIT) = sqrt(WSSR/ndf)    : 0.00343902
variance of residuals (reduced chisquare) = WSSR/ndf   : 1.18268e-05

Final set of parameters            Asymptotic Standard Error
=======================            ==========================
J               = 1.02072          +/- 0.01018      (0.9973%)
H               = 0.491286         +/- 0.005309     (1.081%)

correlation matrix of the fit parameters:
                J      H      
J               1.000 
H              -0.958  1.000 


*******************************************************************************
Fri Feb 10 02:41:10 2023


FIT:    data read from 'magnetization_run04_werr.csv' u 1:2:3
        format = x:z:s

Current data point
=========================
#               = 44 out of 60
x               = 2.16           
z               = 1              
s               = 0              

BREAK: Zero error value in data file

*******************************************************************************
Fri Feb 10 02:41:15 2023


FIT:    data read from 'magnetization_run04_werr.csv' u 1:2:3
        format = x:z:s

Current data point
=========================
#               = 44 out of 60
x               = 2.16           
z               = 1              
s               = 0              

BREAK: Zero error value in data file

*******************************************************************************
Fri Feb 10 02:41:20 2023


FIT:    data read from 'magnetization_run04_werr.csv' u 1:2:3
        format = x:z:s

Current data point
=========================
#               = 44 out of 60
x               = 2.16           
z               = 1              
s               = 0              

BREAK: Zero error value in data file

*******************************************************************************
Fri Feb 10 02:41:51 2023


FIT:    data read from 'magnetization_run04_werr.csv' u 1:2:3
        format = x:z:s

Current data point
=========================
#               = 44 out of 60
x               = 2.16           
z               = 1              
s               = 0              

BREAK: Zero error value in data file

*******************************************************************************
Fri Feb 10 02:43:50 2023


FIT:    data read from 'magnetization_run04_werr.csv' every ::1::43 u 1:2:3
        format = x:z:s

Current data point
=========================
#               = 43 out of 43
x               = 2.16           
z               = 1              
s               = 0              

BREAK: Zero error value in data file

*******************************************************************************
Fri Feb 10 02:43:56 2023


FIT:    data read from 'magnetization_run04_werr.csv' every ::1::42 u 1:2:3
        format = x:z:s
        #datapoints = 42
function used for fitting: m(x)
	m(x) = exp(x*J)*sinh(x*H)/sqrt(exp(-2.0*x*J) + exp(2.0*x*J)*sinh(x*H)*sinh(x*H))
BREAK: Need via and either parameter list or file

*******************************************************************************
Fri Feb 10 02:44:40 2023


FIT:    data read from 'magnetization_run04_werr.csv' u 1:2:3
        format = x:z:s
        #datapoints = 43
function used for fitting: m(x)
	m(x) = exp(x*J)*sinh(x*H)/sqrt(exp(-2.0*x*J) + exp(2.0*x*J)*sinh(x*H)*sinh(x*H))
BREAK: Need via and either parameter list or file

*******************************************************************************
Fri Feb 10 02:45:12 2023


FIT:    data read from 'magnetization_run04_werr.csv' u 1:2:3 yerrors
        format = x:z:s
        #datapoints = 43
function used for fitting: m(x)
	m(x) = exp(x*J)*sinh(x*H)/sqrt(exp(-2.0*x*J) + exp(2.0*x*J)*sinh(x*H)*sinh(x*H))
fitted parameters initialized with current variable values

iter      chisq       delta/lim  lambda   J             H            
   0 4.3808482252e-01   0.00e+00  4.25e+00    1.000000e+00   5.000000e-01
   3 3.6122598689e-01  -4.31e-02  4.25e-03    1.019593e+00   4.914993e-01

After 3 iterations the fit converged.
final sum of squares of residuals : 0.361226
rel. change during last iteration : -4.31452e-07

degrees of freedom    (FIT_NDF)                        : 41
rms of residuals      (FIT_STDFIT) = sqrt(WSSR/ndf)    : 0.0938637
variance of residuals (reduced chisquare) = WSSR/ndf   : 0.00881039
p-value of the Chisq distribution (FIT_P)              : 1

Final set of parameters            Asymptotic Standard Error
=======================            ==========================
J               = 1.01959          +/- 0.008977     (0.8805%)
H               = 0.491499         +/- 0.005953     (1.211%)

correlation matrix of the fit parameters:
                J      H      
J               1.000 
H              -0.941  1.000 


*******************************************************************************
Fri Feb 10 02:45:27 2023


FIT:    data read from 'magnetization_run04_werr.csv' u 1:2:3 yerrors
        format = x:z:s

Current data point
=========================
#               = 44 out of 44
x               = 2.16           
z               = 1              
s               = 0              

BREAK: Zero error value in data file

*******************************************************************************
Fri Feb 10 02:45:46 2023


FIT:    data read from 'magnetization_run04_werr.csv' u 1:2:3 yerrors
        format = x:z:s
        #datapoints = 44
function used for fitting: m(x)
	m(x) = exp(x*J)*sinh(x*H)/sqrt(exp(-2.0*x*J) + exp(2.0*x*J)*sinh(x*H)*sinh(x*H))
fitted parameters initialized with current variable values

iter      chisq       delta/lim  lambda   J             H            
   0 3.6780851979e-01   0.00e+00  4.16e+00    1.019593e+00   4.914993e-01
   1 3.6780776357e-01  -2.06e-01  4.16e-01    1.019531e+00   4.915331e-01

After 1 iterations the fit converged.
final sum of squares of residuals : 0.367808
rel. change during last iteration : -2.05603e-06

degrees of freedom    (FIT_NDF)                        : 42
rms of residuals      (FIT_STDFIT) = sqrt(WSSR/ndf)    : 0.0935806
variance of residuals (reduced chisquare) = WSSR/ndf   : 0.00875733
p-value of the Chisq distribution (FIT_P)              : 1

Final set of parameters            Asymptotic Standard Error
=======================            ==========================
J               = 1.01953          +/- 0.008949     (0.8778%)
H               = 0.491533         +/- 0.005935     (1.207%)

correlation matrix of the fit parameters:
                J      H      
J               1.000 
H              -0.941  1.000 
