

*******************************************************************************
Thu Feb  9 07:38:13 2023


FIT:    data read from 'energy_run03.csv' u 1:2
        format = x:z
        #datapoints = 60
        residuals are weighted equally (unit weight)

function used for fitting: u(x)
	u(x) = -1.0*J*tanh(x*J)
fitted parameters initialized with current variable values

iter      chisq       delta/lim  lambda   J            
   0 6.4819080712e-04   0.00e+00  1.03e+00    1.000000e+00
   2 6.2936133991e-04  -8.37e-01  1.03e-02    9.994550e-01

After 2 iterations the fit converged.
final sum of squares of residuals : 0.000629361
rel. change during last iteration : -8.37379e-06

degrees of freedom    (FIT_NDF)                        : 59
rms of residuals      (FIT_STDFIT) = sqrt(WSSR/ndf)    : 0.00326606
variance of residuals (reduced chisquare) = WSSR/ndf   : 1.06671e-05

Final set of parameters            Asymptotic Standard Error
=======================            ==========================
J               = 0.999455         +/- 0.0004102    (0.04104%)


*******************************************************************************
Thu Feb  9 07:40:05 2023


FIT:    data read from 'susceptibility_run03.csv' u 1:2
        format = x:z
        x range restricted to [0.00000 : 3.00000]
        #datapoints = 60
        residuals are weighted equally (unit weight)

function used for fitting: chi(x)
	chi(x) = x*(1+tanh(x*J))/(1-tanh(x*J))
fitted parameters initialized with current variable values

iter      chisq       delta/lim  lambda   J            
   0 1.7353070411e+06   0.00e+00  1.73e+03    1.000000e+00
   4 9.4675424550e+04  -1.95e-02  1.73e-01    8.639751e-01

After 4 iterations the fit converged.
final sum of squares of residuals : 94675.4
rel. change during last iteration : -1.95475e-07

degrees of freedom    (FIT_NDF)                        : 59
rms of residuals      (FIT_STDFIT) = sqrt(WSSR/ndf)    : 40.0583
variance of residuals (reduced chisquare) = WSSR/ndf   : 1604.67

Final set of parameters            Asymptotic Standard Error
=======================            ==========================
J               = 0.863975         +/- 0.006394     (0.7401%)


*******************************************************************************
Thu Feb  9 07:42:21 2023


FIT:    data read from 'heat_capacity_run03.csv' u 1:2
        format = x:z
        #datapoints = 60
        residuals are weighted equally (unit weight)

function used for fitting: Cv(x)
	Cv(x) = (x*J)*(x*J)/(cosh(x*J)*cosh(x*J))
fitted parameters initialized with current variable values

iter      chisq       delta/lim  lambda   J            
   0 1.2968201065e-01   0.00e+00  3.64e-01    1.000000e+00
   1 1.2968194656e-01  -4.94e-02  3.64e-02    1.000102e+00

After 1 iterations the fit converged.
final sum of squares of residuals : 0.129682
rel. change during last iteration : -4.94216e-07

degrees of freedom    (FIT_NDF)                        : 59
rms of residuals      (FIT_STDFIT) = sqrt(WSSR/ndf)    : 0.0468828
variance of residuals (reduced chisquare) = WSSR/ndf   : 0.002198

Final set of parameters            Asymptotic Standard Error
=======================            ==========================
J               = 1.0001           +/- 0.01665      (1.664%)


*******************************************************************************
Thu Feb  9 07:43:03 2023


FIT:    data read from 'heat_capacity_run03.csv' u 1:2
        format = x:z
        #datapoints = 60
        residuals are weighted equally (unit weight)

function used for fitting: Cv(x)
	Cv(x) = (x*J)*(x*J)/(cosh(x*J)*cosh(x*J))
fitted parameters initialized with current variable values

iter      chisq       delta/lim  lambda   J            
   0 1.2968201065e-01   0.00e+00  3.64e-01    1.000000e+00
   1 1.2968194656e-01  -4.94e-02  3.64e-02    1.000102e+00

After 1 iterations the fit converged.
final sum of squares of residuals : 0.129682
rel. change during last iteration : -4.94216e-07

degrees of freedom    (FIT_NDF)                        : 59
rms of residuals      (FIT_STDFIT) = sqrt(WSSR/ndf)    : 0.0468828
variance of residuals (reduced chisquare) = WSSR/ndf   : 0.002198

Final set of parameters            Asymptotic Standard Error
=======================            ==========================
J               = 1.0001           +/- 0.01665      (1.664%)


*******************************************************************************
Thu Feb  9 07:45:12 2023


FIT:    data read from 'susceptibility_run03.csv' u 1:2
        format = x:z
        x range restricted to [0.00000 : 3.00000]
        #datapoints = 60
        residuals are weighted equally (unit weight)

function used for fitting: chi(x)
	chi(x) = x*((1+tanh(x*J))/(1-tanh(x*J)))
fitted parameters initialized with current variable values

iter      chisq       delta/lim  lambda   J            
   0 1.7353070411e+06   0.00e+00  1.73e+03    1.000000e+00
   4 9.4675424550e+04  -1.95e-02  1.73e-01    8.639751e-01

After 4 iterations the fit converged.
final sum of squares of residuals : 94675.4
rel. change during last iteration : -1.95475e-07

degrees of freedom    (FIT_NDF)                        : 59
rms of residuals      (FIT_STDFIT) = sqrt(WSSR/ndf)    : 40.0583
variance of residuals (reduced chisquare) = WSSR/ndf   : 1604.67

Final set of parameters            Asymptotic Standard Error
=======================            ==========================
J               = 0.863975         +/- 0.006394     (0.7401%)


*******************************************************************************
Thu Feb  9 07:47:12 2023


FIT:    data read from 'susceptibility_run03.csv' u 1:(1.0/($2))
        format = x:z
        x range restricted to [-0.168364 : 1.88779]
        #datapoints = 38
        residuals are weighted equally (unit weight)

function used for fitting: 1.0/chi(x)
	chi(x) = x*((1+tanh(x*J))/(1-tanh(x*J)))
fitted parameters initialized with current variable values

iter      chisq       delta/lim  lambda   J            
   0 3.4831372681e+01   0.00e+00  7.47e-01    1.000000e+00
   5 2.8688753676e+01  -7.01e-01  7.47e-06    1.710640e+00

After 5 iterations the fit converged.
final sum of squares of residuals : 28.6888
rel. change during last iteration : -7.01073e-06

degrees of freedom    (FIT_NDF)                        : 37
rms of residuals      (FIT_STDFIT) = sqrt(WSSR/ndf)    : 0.880552
variance of residuals (reduced chisquare) = WSSR/ndf   : 0.775372

Final set of parameters            Asymptotic Standard Error
=======================            ==========================
J               = 1.71064          +/- 0.2453       (14.34%)
